<?xml version="1.0" encoding="UTF-8"?>
<!-- Generated by org.testng.reporters.JUnitReportReporter -->
<testsuite skipped="0" hostname="mit-dept-c0123" name="qaclickacademy.AppiumTest" tests="2" failures="0" timestamp="22 Apr 2020 14:18:33 GMT" time="0.006" errors="0">
  <testcase name="appStart" time="0.003" classname="qaclickacademy.AppiumTest"/>
  <testcase name="appStop" time="0.003" classname="qaclickacademy.AppiumTest"/>
</testsuite> <!-- qaclickacademy.AppiumTest -->
