<?xml version="1.0" encoding="UTF-8"?>
<!-- Generated by org.testng.reporters.JUnitReportReporter -->
<testsuite skipped="0" hostname="mit-dept-c0123" name="qaclickacademy.SeleniumTest" tests="2" failures="0" timestamp="23 Apr 2020 04:36:47 GMT" time="0.001" errors="0">
  <testcase name="selStop" time="0.000" classname="qaclickacademy.SeleniumTest"/>
  <testcase name="selStart" time="0.001" classname="qaclickacademy.SeleniumTest"/>
</testsuite> <!-- qaclickacademy.SeleniumTest -->
